<?xml version="1.0" encoding="UTF-8"?>
<testng-results ignored="0" total="1" passed="1" failed="0" skipped="0">
  <reporter-output>
  </reporter-output>
  <suite started-at="2021-05-25T12:06:48Z" name="Default suite" finished-at="2021-05-25T12:06:48Z" duration-ms="721">
    <groups>
    </groups>
    <test started-at="2021-05-25T12:06:48Z" name="Default test" finished-at="2021-05-25T12:06:48Z" duration-ms="721">
      <class name="data.TC001_Get_whether">
        <test-method is-config="true" signature="settingBaseURI()[pri:0, instance:data.TC001_Get_whether@18e36d14]" started-at="2021-05-25T12:06:47Z" name="settingBaseURI" finished-at="2021-05-25T12:06:48Z" duration-ms="494" status="PASS">
          <reporter-output>
          </reporter-output>
        </test-method> <!-- settingBaseURI -->
        <test-method signature="get()[pri:1, instance:data.TC001_Get_whether@18e36d14]" started-at="2021-05-25T12:06:48Z" name="get" finished-at="2021-05-25T12:06:48Z" duration-ms="704" status="PASS">
          <reporter-output>
          </reporter-output>
        </test-method> <!-- get -->
      </class> <!-- data.TC001_Get_whether -->
    </test> <!-- Default test -->
  </suite> <!-- Default suite -->
</testng-results>
